<?xml version="1.0" encoding="UTF-8"?>
<testng-results ignored="0" total="1" passed="1" failed="0" skipped="0">
  <reporter-output>
  </reporter-output>
  <suite started-at="2023-04-01T15:53:44 IST" name="Suite" finished-at="2023-04-01T15:54:08 IST" duration-ms="23686">
    <groups>
    </groups>
    <test started-at="2023-04-01T15:53:44 IST" name="test" finished-at="2023-04-01T15:54:08 IST" duration-ms="23686">
      <class name="com.orangeHRM.TestCase.TC_login_002">
        <test-method is-config="true" signature="setUp(java.lang.String)[pri:0, instance:com.orangeHRM.TestCase.TC_login_002@bd4dc25]" started-at="2023-04-01T15:53:44 IST" name="setUp" finished-at="2023-04-01T15:53:46 IST" duration-ms="2423" status="PASS">
          <params>
            <param index="0">
              <value>
                <![CDATA[chrome]]>
              </value>
            </param>
          </params>
          <reporter-output>
          </reporter-output>
        </test-method> <!-- setUp -->
        <test-method signature="LoginTest()[pri:0, instance:com.orangeHRM.TestCase.TC_login_002@bd4dc25]" started-at="2023-04-01T15:53:46 IST" name="LoginTest" finished-at="2023-04-01T15:54:07 IST" duration-ms="21041" status="PASS">
          <reporter-output>
          </reporter-output>
        </test-method> <!-- LoginTest -->
        <test-method is-config="true" signature="browserClosed()[pri:0, instance:com.orangeHRM.TestCase.TC_login_002@bd4dc25]" started-at="2023-04-01T15:54:07 IST" name="browserClosed" finished-at="2023-04-01T15:54:08 IST" duration-ms="174" status="PASS">
          <reporter-output>
          </reporter-output>
        </test-method> <!-- browserClosed -->
      </class> <!-- com.orangeHRM.TestCase.TC_login_002 -->
    </test> <!-- test -->
  </suite> <!-- Suite -->
</testng-results>
