<?xml version="1.0" encoding="UTF-8"?>
<testng-results ignored="0" total="2" passed="2" failed="0" skipped="0">
  <reporter-output>
  </reporter-output>
  <suite started-at="2023-04-02T17:47:51 IST" name="Suite" finished-at="2023-04-02T17:49:28 IST" duration-ms="97103">
    <groups>
    </groups>
    <test started-at="2023-04-02T17:47:51 IST" name="test" finished-at="2023-04-02T17:49:28 IST" duration-ms="97103">
      <class name="com.orangeHRM.TestCase.TC_Logout_001">
        <test-method is-config="true" signature="setUp(java.lang.String)[pri:0, instance:com.orangeHRM.TestCase.TC_Logout_001@28f2a10f]" started-at="2023-04-02T17:48:41 IST" name="setUp" finished-at="2023-04-02T17:48:42 IST" duration-ms="880" status="PASS">
          <params>
            <param index="0">
              <value>
                <![CDATA[chrome]]>
              </value>
            </param>
          </params>
          <reporter-output>
          </reporter-output>
        </test-method> <!-- setUp -->
        <test-method is-config="true" signature="LoginTest()[pri:0, instance:com.orangeHRM.TestCase.TC_Logout_001@28f2a10f]" started-at="2023-04-02T17:48:42 IST" name="LoginTest" finished-at="2023-04-02T17:48:57 IST" duration-ms="14767" status="PASS">
          <reporter-output>
          </reporter-output>
        </test-method> <!-- LoginTest -->
        <test-method signature="Logout()[pri:0, instance:com.orangeHRM.TestCase.TC_Logout_001@28f2a10f]" started-at="2023-04-02T17:48:57 IST" name="Logout" finished-at="2023-04-02T17:49:28 IST" duration-ms="31117" status="PASS">
          <reporter-output>
          </reporter-output>
        </test-method> <!-- Logout -->
        <test-method is-config="true" signature="browserClosed()[pri:0, instance:com.orangeHRM.TestCase.TC_Logout_001@28f2a10f]" started-at="2023-04-02T17:49:28 IST" name="browserClosed" finished-at="2023-04-02T17:49:28 IST" duration-ms="179" status="PASS">
          <reporter-output>
          </reporter-output>
        </test-method> <!-- browserClosed -->
      </class> <!-- com.orangeHRM.TestCase.TC_Logout_001 -->
      <class name="com.orangeHRM.TestCase.TC_HomePage_01">
        <test-method is-config="true" signature="setUp(java.lang.String)[pri:0, instance:com.orangeHRM.TestCase.TC_HomePage_01@47faa49c]" started-at="2023-04-02T17:47:51 IST" name="setUp" finished-at="2023-04-02T17:47:53 IST" duration-ms="1837" status="PASS">
          <params>
            <param index="0">
              <value>
                <![CDATA[chrome]]>
              </value>
            </param>
          </params>
          <reporter-output>
          </reporter-output>
        </test-method> <!-- setUp -->
        <test-method is-config="true" signature="LoginTest()[pri:0, instance:com.orangeHRM.TestCase.TC_HomePage_01@47faa49c]" started-at="2023-04-02T17:47:53 IST" name="LoginTest" finished-at="2023-04-02T17:48:08 IST" duration-ms="15078" status="PASS">
          <reporter-output>
          </reporter-output>
        </test-method> <!-- LoginTest -->
        <test-method signature="HomePage()[pri:0, instance:com.orangeHRM.TestCase.TC_HomePage_01@47faa49c]" started-at="2023-04-02T17:48:08 IST" name="HomePage" finished-at="2023-04-02T17:48:41 IST" duration-ms="32987" status="PASS">
          <reporter-output>
          </reporter-output>
        </test-method> <!-- HomePage -->
        <test-method is-config="true" signature="browserClosed()[pri:0, instance:com.orangeHRM.TestCase.TC_HomePage_01@47faa49c]" started-at="2023-04-02T17:48:41 IST" name="browserClosed" finished-at="2023-04-02T17:48:41 IST" duration-ms="219" status="PASS">
          <reporter-output>
          </reporter-output>
        </test-method> <!-- browserClosed -->
      </class> <!-- com.orangeHRM.TestCase.TC_HomePage_01 -->
    </test> <!-- test -->
  </suite> <!-- Suite -->
</testng-results>
